<?xml version="1.0" encoding="UTF-8"?>
<testsuite xmlns:xsi="http://www.w3.org/2001/XMLSchema-instance" xsi:noNamespaceSchemaLocation="https://maven.apache.org/surefire/maven-surefire-plugin/xsd/surefire-test-report-3.0.xsd" version="3.0" name="PassengerTest" time="0.115" tests="6" errors="0" skipped="0" failures="0">
  <properties>
[...]
</properties>
  <testcase name="titleFail" classname="PassengerTest" time="0.065"/>
  <testcase name="idFail" classname="PassengerTest" time="0.001"/>
  <testcase name="ageFail" classname="PassengerTest" time="0.002"/>
  <testcase name="phoneFail" classname="PassengerTest" time="0.002"/>
  <testcase name="passengerSuccess" classname="PassengerTest" time="0.002"/>
  <testcase name="nameFail" classname="PassengerTest" time="0.002"/>
</testsuite>