<?xml version="1.0" encoding="UTF-8"?>
<testsuite xmlns:xsi="http://www.w3.org/2001/XMLSchema-instance" xsi:noNamespaceSchemaLocation="https://maven.apache.org/surefire/maven-surefire-plugin/xsd/surefire-test-report-3.0.xsd" version="3.0" name="PassengerTest" time="0.083" tests="4" errors="0" skipped="0" failures="0">
  <properties>
[...]
</properties>
  <testcase name="titleFail" classname="PassengerTest" time="0.051"/>
  <testcase name="titleSuccessMr" classname="PassengerTest" time="0.002"/>
  <testcase name="titleSuccessMs" classname="PassengerTest" time="0.001"/>
  <testcase name="titleSuccessMrs" classname="PassengerTest" time="0.001"/>
</testsuite>